\BOOKMARK [0][-]{chapter.1}{Notre groupe de projet}{}% 1
\BOOKMARK [1][-]{section.1.1}{Origines du groupe}{chapter.1}% 2
\BOOKMARK [1][-]{section.1.2}{Les membres}{chapter.1}% 3
\BOOKMARK [2][-]{subsection.1.2.1}{F\351lix \(Wurzag\)}{section.1.2}% 4
\BOOKMARK [2][-]{subsection.1.2.2}{Christopher \(Vjeux\)}{section.1.2}% 5
\BOOKMARK [2][-]{subsection.1.2.3}{Vladimir \(Vizigrou\)}{section.1.2}% 6
\BOOKMARK [2][-]{subsection.1.2.4}{Alban \(Neo\)}{section.1.2}% 7
\BOOKMARK [1][-]{section.1.3}{Gen\350se et nature du projet}{chapter.1}% 8
\BOOKMARK [0][-]{chapter.2}{But et int\351r\352ts du projet}{}% 9
\BOOKMARK [1][-]{section.2.1}{Qu'est ce qu'un RTS ?}{chapter.2}% 10
\BOOKMARK [1][-]{section.2.2}{Environnement du jeu}{chapter.2}% 11
\BOOKMARK [1][-]{section.2.3}{Int\351r\352ts}{chapter.2}% 12
\BOOKMARK [2][-]{subsection.2.3.1}{Capacit\351 d'adaptation}{section.2.3}% 13
\BOOKMARK [2][-]{subsection.2.3.2}{Recherches personnelles}{section.2.3}% 14
\BOOKMARK [2][-]{subsection.2.3.3}{D\351lais}{section.2.3}% 15
\BOOKMARK [2][-]{subsection.2.3.4}{Travail en \351quipe}{section.2.3}% 16
\BOOKMARK [0][-]{chapter.3}{D\351coupage du projet}{}% 17
\BOOKMARK [1][-]{section.3.1}{Les diff\351rentes t\342ches}{chapter.3}% 18
\BOOKMARK [2][-]{subsection.3.1.1}{Moteur 3D}{section.3.1}% 19
\BOOKMARK [2][-]{subsection.3.1.2}{Interface}{section.3.1}% 20
\BOOKMARK [2][-]{subsection.3.1.3}{D\351placement des unit\351s}{section.3.1}% 21
\BOOKMARK [2][-]{subsection.3.1.4}{Unit\351s, B\342timents}{section.3.1}% 22
\BOOKMARK [2][-]{subsection.3.1.5}{R\351seau}{section.3.1}% 23
\BOOKMARK [2][-]{subsection.3.1.6}{Gestion, Structuration, Utilisation des donn\351es}{section.3.1}% 24
\BOOKMARK [2][-]{subsection.3.1.7}{Son}{section.3.1}% 25
\BOOKMARK [2][-]{subsection.3.1.8}{Marketing, Publicit\351}{section.3.1}% 26
\BOOKMARK [2][-]{subsection.3.1.9}{Budget}{section.3.1}% 27
\BOOKMARK [1][-]{section.3.2}{R\351partition des t\342ches}{chapter.3}% 28
\BOOKMARK [1][-]{section.3.3}{Planning}{chapter.3}% 29
